<?xml version="1.0" encoding="UTF-8"?>
<!-- Generated by org.testng.reporters.JUnitXMLReporter -->
<testsuite hostname="DESKTOP-8L5A6SU" name="FirefoxTestCases" tests="2" failures="1" timestamp="19 Mar 2022 16:07:20 GMT" time="17.759" errors="0">
  <testcase name="calculateFactorialPositive" time="0.001" classname="kriptomatDemo.VerifyTitle">
    <failure type="java.lang.Error" message="Unresolved compilation problem: 
	By cannot be resolved
">
      <![CDATA[java.lang.Error: Unresolved compilation problem: 
	By cannot be resolved

	at kriptomatDemo.VerifyTitle.calculateFactorialPositive(VerifyTitle.java:34)
... Removed 24 stack frames]]>
    </failure>
  </testcase> <!-- calculateFactorialPositive -->
  <testcase name="verifyPageTitle" time="9.38" classname="kriptomatDemo.VerifyTitle"/>
</testsuite> <!-- FirefoxTestCases -->
